app/build/intermediates/manifest_merge_blame_file/debug/processDebugMainManifest/manifest-merger-blame-debug-report.txt
1<?xml version="1.0" encoding="utf-8"?>
2<manifest xmlns:android="http://schemas.android.com/apk/res/android"
3    package="com.minimalist.mononote.debug"
4    android:versionCode="1"
5    android:versionName="1.0.0" >
6
7    <uses-sdk
8        android:minSdkVersion="26"
9        android:targetSdkVersion="35" />
10
11    <!-- Permissions -->
12    <uses-permission android:name="android.permission.RECORD_AUDIO" />
12-->src\main\AndroidManifest.xml:6:5-71
12-->src\main\AndroidManifest.xml:6:22-68
13    <uses-permission android:name="android.permission.POST_NOTIFICATIONS" />
13-->src\main\AndroidManifest.xml:7:5-77
13-->src\main\AndroidManifest.xml:7:22-74
14    <uses-permission android:name="android.permission.SYSTEM_ALERT_WINDOW" />
14-->src\main\AndroidManifest.xml:8:5-78
14-->src\main\AndroidManifest.xml:8:22-75
15    <uses-permission android:name="android.permission.FOREGROUND_SERVICE" />
15-->src\main\AndroidManifest.xml:9:5-77
15-->src\main\AndroidManifest.xml:9:22-74
16    <uses-permission android:name="android.permission.FOREGROUND_SERVICE_SPECIAL_USE" />
16-->src\main\AndroidManifest.xml:10:5-89
16-->src\main\AndroidManifest.xml:10:22-86
17    <uses-permission android:name="android.permission.WAKE_LOCK" />
17-->[androidx.work:work-runtime:2.7.1] AndroidManifest.xml:25:5-68
17-->[androidx.work:work-runtime:2.7.1] AndroidManifest.xml:25:22-65
18    <uses-permission android:name="android.permission.ACCESS_NETWORK_STATE" />
18-->[androidx.work:work-runtime:2.7.1] AndroidManifest.xml:26:5-79
18-->[androidx.work:work-runtime:2.7.1] AndroidManifest.xml:26:22-76
19    <uses-permission android:name="android.permission.RECEIVE_BOOT_COMPLETED" />
19-->[androidx.work:work-runtime:2.7.1] AndroidManifest.xml:27:5-81
19-->[androidx.work:work-runtime:2.7.1] AndroidManifest.xml:27:22-78
20
21    <permission
21-->[androidx.core:core:1.15.0] AndroidManifest.xml:22:5-24:47
22        android:name="com.minimalist.mononote.debug.DYNAMIC_RECEIVER_NOT_EXPORTED_PERMISSION"
22-->[androidx.core:core:1.15.0] AndroidManifest.xml:23:9-81
23        android:protectionLevel="signature" />
23-->[androidx.core:core:1.15.0] AndroidManifest.xml:24:9-44
24
25    <uses-permission android:name="com.minimalist.mononote.debug.DYNAMIC_RECEIVER_NOT_EXPORTED_PERMISSION" />
25-->[androidx.core:core:1.15.0] AndroidManifest.xml:26:5-97
25-->[androidx.core:core:1.15.0] AndroidManifest.xml:26:22-94
26
27    <application
27-->src\main\AndroidManifest.xml:12:5-122:19
28        android:name="com.minimalist.mononote.MononoteApplication"
28-->src\main\AndroidManifest.xml:13:9-44
29        android:allowBackup="true"
29-->src\main\AndroidManifest.xml:14:9-35
30        android:appComponentFactory="androidx.core.app.CoreComponentFactory"
30-->[androidx.core:core:1.15.0] AndroidManifest.xml:28:18-86
31        android:dataExtractionRules="@xml/data_extraction_rules"
31-->src\main\AndroidManifest.xml:15:9-65
32        android:debuggable="true"
33        android:extractNativeLibs="false"
34        android:fullBackupContent="@xml/backup_rules"
34-->src\main\AndroidManifest.xml:16:9-54
35        android:icon="@drawable/ic_mononote"
35-->src\main\AndroidManifest.xml:17:9-45
36        android:label="@string/app_name"
36-->src\main\AndroidManifest.xml:18:9-41
37        android:resizeableActivity="true"
37-->src\main\AndroidManifest.xml:22:9-42
38        android:roundIcon="@drawable/ic_mononote"
38-->src\main\AndroidManifest.xml:19:9-50
39        android:supportsRtl="true"
39-->src\main\AndroidManifest.xml:20:9-35
40        android:theme="@style/Theme.Mononote" >
40-->src\main\AndroidManifest.xml:21:9-46
41
42        <!-- Main Single-Canvas Editor Activity -->
43        <activity
43-->src\main\AndroidManifest.xml:26:9-64:20
44            android:name="com.minimalist.mononote.MainActivity"
44-->src\main\AndroidManifest.xml:27:13-41
45            android:exported="true"
45-->src\main\AndroidManifest.xml:28:13-36
46            android:launchMode="singleTask"
46-->src\main\AndroidManifest.xml:29:13-44
47            android:resizeableActivity="true"
47-->src\main\AndroidManifest.xml:30:13-46
48            android:theme="@style/Theme.Mononote"
48-->src\main\AndroidManifest.xml:32:13-50
49            android:windowSoftInputMode="adjustResize" >
49-->src\main\AndroidManifest.xml:31:13-55
50            <intent-filter>
50-->src\main\AndroidManifest.xml:34:13-37:29
51                <action android:name="android.intent.action.MAIN" />
51-->src\main\AndroidManifest.xml:35:17-69
51-->src\main\AndroidManifest.xml:35:25-66
52
53                <category android:name="android.intent.category.LAUNCHER" />
53-->src\main\AndroidManifest.xml:36:17-77
53-->src\main\AndroidManifest.xml:36:27-74
54            </intent-filter>
55
56            <!-- Support direct sharing of text into Mononote -->
57            <intent-filter>
57-->src\main\AndroidManifest.xml:40:13-44:29
58                <action android:name="android.intent.action.SEND" />
58-->src\main\AndroidManifest.xml:41:17-69
58-->src\main\AndroidManifest.xml:41:25-66
59
60                <category android:name="android.intent.category.DEFAULT" />
60-->src\main\AndroidManifest.xml:42:17-76
60-->src\main\AndroidManifest.xml:42:27-73
61
62                <data android:mimeType="text/plain" />
62-->src\main\AndroidManifest.xml:43:17-55
62-->src\main\AndroidManifest.xml:43:23-52
63            </intent-filter>
64
65            <!-- 🎙️ Google Assistant & Gemini Voice Note Intent Filters -->
66            <intent-filter>
66-->src\main\AndroidManifest.xml:47:13-52:29
67                <action android:name="com.google.android.gms.actions.CREATE_NOTE" />
67-->src\main\AndroidManifest.xml:48:17-85
67-->src\main\AndroidManifest.xml:48:25-82
68
69                <category android:name="android.intent.category.DEFAULT" />
69-->src\main\AndroidManifest.xml:42:17-76
69-->src\main\AndroidManifest.xml:42:27-73
70                <category android:name="android.intent.category.VOICE" />
70-->src\main\AndroidManifest.xml:50:17-74
70-->src\main\AndroidManifest.xml:50:27-71
71
72                <data android:mimeType="*/*" />
72-->src\main\AndroidManifest.xml:43:17-55
72-->src\main\AndroidManifest.xml:43:23-52
73            </intent-filter>
74            <intent-filter>
74-->src\main\AndroidManifest.xml:54:13-59:29
75                <action android:name="android.intent.action.CREATE_NOTE" />
75-->src\main\AndroidManifest.xml:55:17-76
75-->src\main\AndroidManifest.xml:55:25-73
76
77                <category android:name="android.intent.category.DEFAULT" />
77-->src\main\AndroidManifest.xml:42:17-76
77-->src\main\AndroidManifest.xml:42:27-73
78                <category android:name="android.intent.category.VOICE" />
78-->src\main\AndroidManifest.xml:50:17-74
78-->src\main\AndroidManifest.xml:50:27-71
79
80                <data android:mimeType="*/*" />
80-->src\main\AndroidManifest.xml:43:17-55
80-->src\main\AndroidManifest.xml:43:23-52
81            </intent-filter>
82
83            <meta-data
83-->src\main\AndroidManifest.xml:61:13-63:53
84                android:name="android.app.shortcuts"
84-->src\main\AndroidManifest.xml:62:17-53
85                android:resource="@xml/shortcuts" />
85-->src\main\AndroidManifest.xml:63:17-50
86        </activity>
87
88        <!-- Live Card Action Broadcast Receiver (Lock Screen & Remote Broadcasts) -->
89        <receiver
89-->src\main\AndroidManifest.xml:67:9-77:20
90            android:name="com.minimalist.mononote.live.LiveActionReceiver"
90-->src\main\AndroidManifest.xml:68:13-52
91            android:exported="true" >
91-->src\main\AndroidManifest.xml:69:13-36
92            <intent-filter>
92-->src\main\AndroidManifest.xml:70:13-76:29
93                <action android:name="com.minimalist.mononote.ACTION_COMPLETE_NOTE" />
93-->src\main\AndroidManifest.xml:71:17-87
93-->src\main\AndroidManifest.xml:71:25-84
94                <action android:name="com.minimalist.mononote.ACTION_COPY_NOTE" />
94-->src\main\AndroidManifest.xml:72:17-83
94-->src\main\AndroidManifest.xml:72:25-80
95                <action android:name="com.minimalist.mononote.ACTION_STOP_LIVE" />
95-->src\main\AndroidManifest.xml:73:17-83
95-->src\main\AndroidManifest.xml:73:25-80
96                <action android:name="com.minimalist.mononote.ACTION_APPEND_NOTE" />
96-->src\main\AndroidManifest.xml:74:17-85
96-->src\main\AndroidManifest.xml:74:25-82
97                <action android:name="com.minimalist.mononote.ACTION_SET_NOTE" />
97-->src\main\AndroidManifest.xml:75:17-82
97-->src\main\AndroidManifest.xml:75:25-79
98            </intent-filter>
99        </receiver>
100
101        <!-- Quick Settings Tile (Pull-down Control Center toggle) -->
102        <service
102-->src\main\AndroidManifest.xml:80:9-89:19
103            android:name="com.minimalist.mononote.tile.MononoteTileService"
103-->src\main\AndroidManifest.xml:81:13-53
104            android:exported="true"
104-->src\main\AndroidManifest.xml:82:13-36
105            android:icon="@drawable/ic_mononote"
105-->src\main\AndroidManifest.xml:83:13-49
106            android:label="@string/tile_name"
106-->src\main\AndroidManifest.xml:84:13-46
107            android:permission="android.permission.BIND_QUICK_SETTINGS_TILE" >
107-->src\main\AndroidManifest.xml:85:13-77
108            <intent-filter>
108-->src\main\AndroidManifest.xml:86:13-88:29
109                <action android:name="android.service.quicksettings.action.QS_TILE" />
109-->src\main\AndroidManifest.xml:87:17-87
109-->src\main\AndroidManifest.xml:87:25-84
110            </intent-filter>
111        </service>
112
113        <!-- 4x4 Large Sticky Note Widget Receiver -->
114        <receiver
114-->src\main\AndroidManifest.xml:92:9-102:20
115            android:name="com.minimalist.mononote.widget.Mononote4x4WidgetProvider"
115-->src\main\AndroidManifest.xml:93:13-61
116            android:exported="true"
116-->src\main\AndroidManifest.xml:94:13-36
117            android:label="Mononote (4x4 Large)" >
117-->src\main\AndroidManifest.xml:95:13-49
118            <intent-filter>
118-->src\main\AndroidManifest.xml:96:13-98:29
119                <action android:name="android.appwidget.action.APPWIDGET_UPDATE" />
119-->src\main\AndroidManifest.xml:97:17-84
119-->src\main\AndroidManifest.xml:97:25-81
120            </intent-filter>
121
122            <meta-data
122-->src\main\AndroidManifest.xml:99:13-101:59
123                android:name="android.appwidget.provider"
123-->src\main\AndroidManifest.xml:100:17-58
124                android:resource="@xml/widget_info_4x4" />
124-->src\main\AndroidManifest.xml:101:17-56
125        </receiver>
126
127        <!-- 2x2 / 4x2 Medium Sticky Note Widget Receiver -->
128        <receiver
128-->src\main\AndroidManifest.xml:105:9-115:20
129            android:name="com.minimalist.mononote.widget.Mononote2x2WidgetProvider"
129-->src\main\AndroidManifest.xml:106:13-61
130            android:exported="true"
130-->src\main\AndroidManifest.xml:107:13-36
131            android:label="Mononote (Sticky Note)" >
131-->src\main\AndroidManifest.xml:108:13-51
132            <intent-filter>
132-->src\main\AndroidManifest.xml:96:13-98:29
133                <action android:name="android.appwidget.action.APPWIDGET_UPDATE" />
133-->src\main\AndroidManifest.xml:97:17-84
133-->src\main\AndroidManifest.xml:97:25-81
134            </intent-filter>
135
136            <meta-data
136-->src\main\AndroidManifest.xml:99:13-101:59
137                android:name="android.appwidget.provider"
137-->src\main\AndroidManifest.xml:100:17-58
138                android:resource="@xml/widget_info_2x2" />
138-->src\main\AndroidManifest.xml:101:17-56
139        </receiver>
140
141        <!-- Floating Dynamic Capsule Service (Optional Overlay Pill) -->
142        <service
142-->src\main\AndroidManifest.xml:118:9-120:40
143            android:name="com.minimalist.mononote.live.FloatingCapsuleService"
143-->src\main\AndroidManifest.xml:119:13-56
144            android:exported="false" />
144-->src\main\AndroidManifest.xml:120:13-37
145
146        <activity
146-->[androidx.glance:glance-appwidget:1.1.1] AndroidManifest.xml:23:9-28:62
147            android:name="androidx.glance.appwidget.action.ActionTrampolineActivity"
147-->[androidx.glance:glance-appwidget:1.1.1] AndroidManifest.xml:24:13-85
148            android:enabled="true"
148-->[androidx.glance:glance-appwidget:1.1.1] AndroidManifest.xml:25:13-35
149            android:excludeFromRecents="true"
149-->[androidx.glance:glance-appwidget:1.1.1] AndroidManifest.xml:26:13-46
150            android:exported="false"
150-->[androidx.glance:glance-appwidget:1.1.1] AndroidManifest.xml:27:13-37
151            android:theme="@android:style/Theme.NoDisplay" />
151-->[androidx.glance:glance-appwidget:1.1.1] AndroidManifest.xml:28:13-59
152        <activity
152-->[androidx.glance:glance-appwidget:1.1.1] AndroidManifest.xml:29:9-36:81
153            android:name="androidx.glance.appwidget.action.InvisibleActionTrampolineActivity"
153-->[androidx.glance:glance-appwidget:1.1.1] AndroidManifest.xml:30:13-94
154            android:enabled="true"
154-->[androidx.glance:glance-appwidget:1.1.1] AndroidManifest.xml:31:13-35
155            android:exported="false"
155-->[androidx.glance:glance-appwidget:1.1.1] AndroidManifest.xml:32:13-37
156            android:launchMode="singleInstance"
156-->[androidx.glance:glance-appwidget:1.1.1] AndroidManifest.xml:33:13-48
157            android:noHistory="true"
157-->[androidx.glance:glance-appwidget:1.1.1] AndroidManifest.xml:34:13-37
158            android:taskAffinity="androidx.glance.appwidget.ListAdapterCallbackTrampoline"
158-->[androidx.glance:glance-appwidget:1.1.1] AndroidManifest.xml:35:13-91
159            android:theme="@style/Widget.Glance.AppWidget.CallbackTrampoline" />
159-->[androidx.glance:glance-appwidget:1.1.1] AndroidManifest.xml:36:13-78
160
161        <receiver
161-->[androidx.glance:glance-appwidget:1.1.1] AndroidManifest.xml:38:9-41:40
162            android:name="androidx.glance.appwidget.action.ActionCallbackBroadcastReceiver"
162-->[androidx.glance:glance-appwidget:1.1.1] AndroidManifest.xml:39:13-92
163            android:enabled="true"
163-->[androidx.glance:glance-appwidget:1.1.1] AndroidManifest.xml:40:13-35
164            android:exported="false" />
164-->[androidx.glance:glance-appwidget:1.1.1] AndroidManifest.xml:41:13-37
165        <receiver
165-->[androidx.glance:glance-appwidget:1.1.1] AndroidManifest.xml:42:9-45:40
166            android:name="androidx.glance.appwidget.UnmanagedSessionReceiver"
166-->[androidx.glance:glance-appwidget:1.1.1] AndroidManifest.xml:43:13-78
167            android:enabled="true"
167-->[androidx.glance:glance-appwidget:1.1.1] AndroidManifest.xml:44:13-35
168            android:exported="false" />
168-->[androidx.glance:glance-appwidget:1.1.1] AndroidManifest.xml:45:13-37
169        <receiver
169-->[androidx.glance:glance-appwidget:1.1.1] AndroidManifest.xml:46:9-53:20
170            android:name="androidx.glance.appwidget.MyPackageReplacedReceiver"
170-->[androidx.glance:glance-appwidget:1.1.1] AndroidManifest.xml:47:13-79
171            android:enabled="true"
171-->[androidx.glance:glance-appwidget:1.1.1] AndroidManifest.xml:48:13-35
172            android:exported="false" >
172-->[androidx.glance:glance-appwidget:1.1.1] AndroidManifest.xml:49:13-37
173            <intent-filter>
173-->[androidx.glance:glance-appwidget:1.1.1] AndroidManifest.xml:50:13-52:29
174                <action android:name="android.intent.action.MY_PACKAGE_REPLACED" />
174-->[androidx.glance:glance-appwidget:1.1.1] AndroidManifest.xml:51:17-84
174-->[androidx.glance:glance-appwidget:1.1.1] AndroidManifest.xml:51:25-81
175            </intent-filter>
176        </receiver>
177
178        <service
178-->[androidx.glance:glance-appwidget:1.1.1] AndroidManifest.xml:55:9-58:72
179            android:name="androidx.glance.appwidget.GlanceRemoteViewsService"
179-->[androidx.glance:glance-appwidget:1.1.1] AndroidManifest.xml:56:13-78
180            android:exported="true"
180-->[androidx.glance:glance-appwidget:1.1.1] AndroidManifest.xml:57:13-36
181            android:permission="android.permission.BIND_REMOTEVIEWS" />
181-->[androidx.glance:glance-appwidget:1.1.1] AndroidManifest.xml:58:13-69
182
183        <provider
183-->[androidx.work:work-runtime:2.7.1] AndroidManifest.xml:31:9-39:20
184            android:name="androidx.startup.InitializationProvider"
184-->[androidx.work:work-runtime:2.7.1] AndroidManifest.xml:32:13-67
185            android:authorities="com.minimalist.mononote.debug.androidx-startup"
185-->[androidx.work:work-runtime:2.7.1] AndroidManifest.xml:33:13-68
186            android:exported="false" >
186-->[androidx.work:work-runtime:2.7.1] AndroidManifest.xml:34:13-37
187            <meta-data
187-->[androidx.work:work-runtime:2.7.1] AndroidManifest.xml:36:13-38:52
188                android:name="androidx.work.WorkManagerInitializer"
188-->[androidx.work:work-runtime:2.7.1] AndroidManifest.xml:37:17-68
189                android:value="androidx.startup" />
189-->[androidx.work:work-runtime:2.7.1] AndroidManifest.xml:38:17-49
190            <meta-data
190-->[androidx.emoji2:emoji2:1.3.0] AndroidManifest.xml:29:13-31:52
191                android:name="androidx.emoji2.text.EmojiCompatInitializer"
191-->[androidx.emoji2:emoji2:1.3.0] AndroidManifest.xml:30:17-75
192                android:value="androidx.startup" />
192-->[androidx.emoji2:emoji2:1.3.0] AndroidManifest.xml:31:17-49
193            <meta-data
193-->[androidx.lifecycle:lifecycle-process:2.8.7] AndroidManifest.xml:29:13-31:52
194                android:name="androidx.lifecycle.ProcessLifecycleInitializer"
194-->[androidx.lifecycle:lifecycle-process:2.8.7] AndroidManifest.xml:30:17-78
195                android:value="androidx.startup" />
195-->[androidx.lifecycle:lifecycle-process:2.8.7] AndroidManifest.xml:31:17-49
196            <meta-data
196-->[androidx.profileinstaller:profileinstaller:1.4.0] AndroidManifest.xml:29:13-31:52
197                android:name="androidx.profileinstaller.ProfileInstallerInitializer"
197-->[androidx.profileinstaller:profileinstaller:1.4.0] AndroidManifest.xml:30:17-85
198                android:value="androidx.startup" />
198-->[androidx.profileinstaller:profileinstaller:1.4.0] AndroidManifest.xml:31:17-49
199        </provider>
200
201        <service
201-->[androidx.work:work-runtime:2.7.1] AndroidManifest.xml:41:9-46:35
202            android:name="androidx.work.impl.background.systemalarm.SystemAlarmService"
202-->[androidx.work:work-runtime:2.7.1] AndroidManifest.xml:42:13-88
203            android:directBootAware="false"
203-->[androidx.work:work-runtime:2.7.1] AndroidManifest.xml:43:13-44
204            android:enabled="@bool/enable_system_alarm_service_default"
204-->[androidx.work:work-runtime:2.7.1] AndroidManifest.xml:44:13-72
205            android:exported="false" />
205-->[androidx.work:work-runtime:2.7.1] AndroidManifest.xml:45:13-37
206        <service
206-->[androidx.work:work-runtime:2.7.1] AndroidManifest.xml:47:9-53:35
207            android:name="androidx.work.impl.background.systemjob.SystemJobService"
207-->[androidx.work:work-runtime:2.7.1] AndroidManifest.xml:48:13-84
208            android:directBootAware="false"
208-->[androidx.work:work-runtime:2.7.1] AndroidManifest.xml:49:13-44
209            android:enabled="@bool/enable_system_job_service_default"
209-->[androidx.work:work-runtime:2.7.1] AndroidManifest.xml:50:13-70
210            android:exported="true"
210-->[androidx.work:work-runtime:2.7.1] AndroidManifest.xml:51:13-36
211            android:permission="android.permission.BIND_JOB_SERVICE" />
211-->[androidx.work:work-runtime:2.7.1] AndroidManifest.xml:52:13-69
212        <service
212-->[androidx.work:work-runtime:2.7.1] AndroidManifest.xml:54:9-59:35
213            android:name="androidx.work.impl.foreground.SystemForegroundService"
213-->[androidx.work:work-runtime:2.7.1] AndroidManifest.xml:55:13-81
214            android:directBootAware="false"
214-->[androidx.work:work-runtime:2.7.1] AndroidManifest.xml:56:13-44
215            android:enabled="@bool/enable_system_foreground_service_default"
215-->[androidx.work:work-runtime:2.7.1] AndroidManifest.xml:57:13-77
216            android:exported="false" />
216-->[androidx.work:work-runtime:2.7.1] AndroidManifest.xml:58:13-37
217
218        <receiver
218-->[androidx.work:work-runtime:2.7.1] AndroidManifest.xml:61:9-66:35
219            android:name="androidx.work.impl.utils.ForceStopRunnable$BroadcastReceiver"
219-->[androidx.work:work-runtime:2.7.1] AndroidManifest.xml:62:13-88
220            android:directBootAware="false"
220-->[androidx.work:work-runtime:2.7.1] AndroidManifest.xml:63:13-44
221            android:enabled="true"
221-->[androidx.work:work-runtime:2.7.1] AndroidManifest.xml:64:13-35
222            android:exported="false" />
222-->[androidx.work:work-runtime:2.7.1] AndroidManifest.xml:65:13-37
223        <receiver
223-->[androidx.work:work-runtime:2.7.1] AndroidManifest.xml:67:9-77:20
224            android:name="androidx.work.impl.background.systemalarm.ConstraintProxy$BatteryChargingProxy"
224-->[androidx.work:work-runtime:2.7.1] AndroidManifest.xml:68:13-106
225            android:directBootAware="false"
225-->[androidx.work:work-runtime:2.7.1] AndroidManifest.xml:69:13-44
226            android:enabled="false"
226-->[androidx.work:work-runtime:2.7.1] AndroidManifest.xml:70:13-36
227            android:exported="false" >
227-->[androidx.work:work-runtime:2.7.1] AndroidManifest.xml:71:13-37
228            <intent-filter>
228-->[androidx.work:work-runtime:2.7.1] AndroidManifest.xml:73:13-76:29
229                <action android:name="android.intent.action.ACTION_POWER_CONNECTED" />
229-->[androidx.work:work-runtime:2.7.1] AndroidManifest.xml:74:17-87
229-->[androidx.work:work-runtime:2.7.1] AndroidManifest.xml:74:25-84
230                <action android:name="android.intent.action.ACTION_POWER_DISCONNECTED" />
230-->[androidx.work:work-runtime:2.7.1] AndroidManifest.xml:75:17-90
230-->[androidx.work:work-runtime:2.7.1] AndroidManifest.xml:75:25-87
231            </intent-filter>
232        </receiver>
233        <receiver
233-->[androidx.work:work-runtime:2.7.1] AndroidManifest.xml:78:9-88:20
234            android:name="androidx.work.impl.background.systemalarm.ConstraintProxy$BatteryNotLowProxy"
234-->[androidx.work:work-runtime:2.7.1] AndroidManifest.xml:79:13-104
235            android:directBootAware="false"
235-->[androidx.work:work-runtime:2.7.1] AndroidManifest.xml:80:13-44
236            android:enabled="false"
236-->[androidx.work:work-runtime:2.7.1] AndroidManifest.xml:81:13-36
237            android:exported="false" >
237-->[androidx.work:work-runtime:2.7.1] AndroidManifest.xml:82:13-37
238            <intent-filter>
238-->[androidx.work:work-runtime:2.7.1] AndroidManifest.xml:84:13-87:29
239                <action android:name="android.intent.action.BATTERY_OKAY" />
239-->[androidx.work:work-runtime:2.7.1] AndroidManifest.xml:85:17-77
239-->[androidx.work:work-runtime:2.7.1] AndroidManifest.xml:85:25-74
240                <action android:name="android.intent.action.BATTERY_LOW" />
240-->[androidx.work:work-runtime:2.7.1] AndroidManifest.xml:86:17-76
240-->[androidx.work:work-runtime:2.7.1] AndroidManifest.xml:86:25-73
241            </intent-filter>
242        </receiver>
243        <receiver
243-->[androidx.work:work-runtime:2.7.1] AndroidManifest.xml:89:9-99:20
244            android:name="androidx.work.impl.background.systemalarm.ConstraintProxy$StorageNotLowProxy"
244-->[androidx.work:work-runtime:2.7.1] AndroidManifest.xml:90:13-104
245            android:directBootAware="false"
245-->[androidx.work:work-runtime:2.7.1] AndroidManifest.xml:91:13-44
246            android:enabled="false"
246-->[androidx.work:work-runtime:2.7.1] AndroidManifest.xml:92:13-36
247            android:exported="false" >
247-->[androidx.work:work-runtime:2.7.1] AndroidManifest.xml:93:13-37
248            <intent-filter>
248-->[androidx.work:work-runtime:2.7.1] AndroidManifest.xml:95:13-98:29
249                <action android:name="android.intent.action.DEVICE_STORAGE_LOW" />
249-->[androidx.work:work-runtime:2.7.1] AndroidManifest.xml:96:17-83
249-->[androidx.work:work-runtime:2.7.1] AndroidManifest.xml:96:25-80
250                <action android:name="android.intent.action.DEVICE_STORAGE_OK" />
250-->[androidx.work:work-runtime:2.7.1] AndroidManifest.xml:97:17-82
250-->[androidx.work:work-runtime:2.7.1] AndroidManifest.xml:97:25-79
251            </intent-filter>
252        </receiver>
253        <receiver
253-->[androidx.work:work-runtime:2.7.1] AndroidManifest.xml:100:9-109:20
254            android:name="androidx.work.impl.background.systemalarm.ConstraintProxy$NetworkStateProxy"
254-->[androidx.work:work-runtime:2.7.1] AndroidManifest.xml:101:13-103
255            android:directBootAware="false"
255-->[androidx.work:work-runtime:2.7.1] AndroidManifest.xml:102:13-44
256            android:enabled="false"
256-->[androidx.work:work-runtime:2.7.1] AndroidManifest.xml:103:13-36
257            android:exported="false" >
257-->[androidx.work:work-runtime:2.7.1] AndroidManifest.xml:104:13-37
258            <intent-filter>
258-->[androidx.work:work-runtime:2.7.1] AndroidManifest.xml:106:13-108:29
259                <action android:name="android.net.conn.CONNECTIVITY_CHANGE" />
259-->[androidx.work:work-runtime:2.7.1] AndroidManifest.xml:107:17-79
259-->[androidx.work:work-runtime:2.7.1] AndroidManifest.xml:107:25-76
260            </intent-filter>
261        </receiver>
262        <receiver
262-->[androidx.work:work-runtime:2.7.1] AndroidManifest.xml:110:9-121:20
263            android:name="androidx.work.impl.background.systemalarm.RescheduleReceiver"
263-->[androidx.work:work-runtime:2.7.1] AndroidManifest.xml:111:13-88
264            android:directBootAware="false"
264-->[androidx.work:work-runtime:2.7.1] AndroidManifest.xml:112:13-44
265            android:enabled="false"
265-->[androidx.work:work-runtime:2.7.1] AndroidManifest.xml:113:13-36
266            android:exported="false" >
266-->[androidx.work:work-runtime:2.7.1] AndroidManifest.xml:114:13-37
267            <intent-filter>
267-->[androidx.work:work-runtime:2.7.1] AndroidManifest.xml:116:13-120:29
268                <action android:name="android.intent.action.BOOT_COMPLETED" />
268-->[androidx.work:work-runtime:2.7.1] AndroidManifest.xml:117:17-79
268-->[androidx.work:work-runtime:2.7.1] AndroidManifest.xml:117:25-76
269                <action android:name="android.intent.action.TIME_SET" />
269-->[androidx.work:work-runtime:2.7.1] AndroidManifest.xml:118:17-73
269-->[androidx.work:work-runtime:2.7.1] AndroidManifest.xml:118:25-70
270                <action android:name="android.intent.action.TIMEZONE_CHANGED" />
270-->[androidx.work:work-runtime:2.7.1] AndroidManifest.xml:119:17-81
270-->[androidx.work:work-runtime:2.7.1] AndroidManifest.xml:119:25-78
271            </intent-filter>
272        </receiver>
273        <receiver
273-->[androidx.work:work-runtime:2.7.1] AndroidManifest.xml:122:9-131:20
274            android:name="androidx.work.impl.background.systemalarm.ConstraintProxyUpdateReceiver"
274-->[androidx.work:work-runtime:2.7.1] AndroidManifest.xml:123:13-99
275            android:directBootAware="false"
275-->[androidx.work:work-runtime:2.7.1] AndroidManifest.xml:124:13-44
276            android:enabled="@bool/enable_system_alarm_service_default"
276-->[androidx.work:work-runtime:2.7.1] AndroidManifest.xml:125:13-72
277            android:exported="false" >
277-->[androidx.work:work-runtime:2.7.1] AndroidManifest.xml:126:13-37
278            <intent-filter>
278-->[androidx.work:work-runtime:2.7.1] AndroidManifest.xml:128:13-130:29
279                <action android:name="androidx.work.impl.background.systemalarm.UpdateProxies" />
279-->[androidx.work:work-runtime:2.7.1] AndroidManifest.xml:129:17-98
279-->[androidx.work:work-runtime:2.7.1] AndroidManifest.xml:129:25-95
280            </intent-filter>
281        </receiver>
282        <receiver
282-->[androidx.work:work-runtime:2.7.1] AndroidManifest.xml:132:9-142:20
283            android:name="androidx.work.impl.diagnostics.DiagnosticsReceiver"
283-->[androidx.work:work-runtime:2.7.1] AndroidManifest.xml:133:13-78
284            android:directBootAware="false"
284-->[androidx.work:work-runtime:2.7.1] AndroidManifest.xml:134:13-44
285            android:enabled="true"
285-->[androidx.work:work-runtime:2.7.1] AndroidManifest.xml:135:13-35
286            android:exported="true"
286-->[androidx.work:work-runtime:2.7.1] AndroidManifest.xml:136:13-36
287            android:permission="android.permission.DUMP" >
287-->[androidx.work:work-runtime:2.7.1] AndroidManifest.xml:137:13-57
288            <intent-filter>
288-->[androidx.work:work-runtime:2.7.1] AndroidManifest.xml:139:13-141:29
289                <action android:name="androidx.work.diagnostics.REQUEST_DIAGNOSTICS" />
289-->[androidx.work:work-runtime:2.7.1] AndroidManifest.xml:140:17-88
289-->[androidx.work:work-runtime:2.7.1] AndroidManifest.xml:140:25-85
290            </intent-filter>
291        </receiver>
292
293        <service
293-->[androidx.core:core-remoteviews:1.1.0] AndroidManifest.xml:24:9-27:63
294            android:name="androidx.core.widget.RemoteViewsCompatService"
294-->[androidx.core:core-remoteviews:1.1.0] AndroidManifest.xml:25:13-73
295            android:permission="android.permission.BIND_REMOTEVIEWS" />
295-->[androidx.core:core-remoteviews:1.1.0] AndroidManifest.xml:26:13-69
296
297        <activity
297-->[androidx.compose.ui:ui-tooling-android:1.7.6] AndroidManifest.xml:23:9-25:39
298            android:name="androidx.compose.ui.tooling.PreviewActivity"
298-->[androidx.compose.ui:ui-tooling-android:1.7.6] AndroidManifest.xml:24:13-71
299            android:exported="true" />